----------

Wed May 13 2020 11:35:58 GMT-0400 (Eastern Daylight Time)

To github.com:anujjbubna/Morningstar-Lifestyles.git
   3a6bf53..f58d73a  master -> master


----------

Wed May 13 2020 11:36:18 GMT-0400 (Eastern Daylight Time)

To github.com:anujjbubna/Morningstar-Lifestyles.git
   f58d73a..b5b601f  master -> master


----------

Wed May 13 2020 11:36:19 GMT-0400 (Eastern Daylight Time)

To github.com:anujjbubna/Morningstar-Lifestyles.git
 ! [remote rejected] master -> master (cannot lock ref 'refs/heads/master': is at b5b601f0b3c716a8f01be7d7f0029eddff909b64 but expected f58d73a3cc71268fbded2130e127001055bd9f29)


----------

Wed May 13 2020 11:36:19 GMT-0400 (Eastern Daylight Time)

error: failed to push some refs to 'git@github.com:anujjbubna/Morningstar-Lifestyles.git'


----------

Wed May 13 2020 11:36:20 GMT-0400 (Eastern Daylight Time)

To github.com:anujjbubna/Morningstar-Lifestyles.git
 ! [remote rejected] master -> master (cannot lock ref 'refs/heads/master': is at b5b601f0b3c716a8f01be7d7f0029eddff909b64 but expected f58d73a3cc71268fbded2130e127001055bd9f29)


----------

Wed May 13 2020 11:36:20 GMT-0400 (Eastern Daylight Time)

error: failed to push some refs to 'git@github.com:anujjbubna/Morningstar-Lifestyles.git'


----------

Wed May 13 2020 11:58:56 GMT-0400 (Eastern Daylight Time)

To github.com:anujjbubna/Morningstar-Lifestyles.git
   b5b601f..79988df  master -> master


----------

Fri Sep 25 2020 19:40:04 GMT-0400 (Eastern Daylight Time)

warning: LF will be replaced by CRLF in assets/bootstrap/css/bootstrap.min.css.
The file will have its original line endings in your working directory


----------

Fri Sep 25 2020 19:40:04 GMT-0400 (Eastern Daylight Time)

warning: LF will be replaced by CRLF in assets/bootstrap/js/bootstrap.min.js.
The file will have its original line endings in your working directory


----------

Fri Sep 25 2020 19:40:04 GMT-0400 (Eastern Daylight Time)

warning: LF will be replaced by CRLF in assets/css/smoothproducts.css.
The file will have its original line endings in your working directory


----------

Fri Sep 25 2020 19:40:04 GMT-0400 (Eastern Daylight Time)

warning: LF will be replaced by CRLF in assets/js/jquery.min.js.
The file will have its original line endings in your working directory


----------

Fri Sep 25 2020 19:40:04 GMT-0400 (Eastern Daylight Time)

warning: LF will be replaced by CRLF in assets/js/theme.js.
The file will have its original line endings in your working directory
warning: LF will be replaced by CRLF in index.html.
The file will have its original line endings in your working directory


----------

Fri Sep 25 2020 19:40:09 GMT-0400 (Eastern Daylight Time)

To https://github.com/anujjbubna/Morningstar-Lifestyles.git
   5c8e14f..163099d  master -> master


